<?xml version="1.0" encoding="UTF-8"?>
<!-- Generated by org.testng.reporters.JUnitXMLReporter -->
<testsuite hostname="BRTL059" ignored="0" name="Online Shopping" tests="3" failures="0" timestamp="2020-05-12T07:48:51 PDT" time="60.657" errors="0">
  <testcase name="signin" time="6.102" classname="com.productus.test.OnlineShopping"/>
  <testcase name="createaccount" time="2.379" classname="com.productus.test.OnlineShopping"/>
  <testcase name="mandatorydetails" time="5.044" classname="com.productus.test.OnlineShopping"/>
</testsuite> <!-- Online Shopping -->
